<?xml version="1.0" encoding="UTF-8"?>
<!-- Generated by org.testng.reporters.JUnitReportReporter -->
<testsuite hostname="Rafael-Predator" failures="0" tests="2" name="seleniumautomation.CreateAccountFormTest" time="17.974" errors="0" timestamp="2021-02-08T15:21:38 BRT" skipped="0">
  <testcase classname="seleniumautomation.CreateAccountFormTest" name="authenticationPage" time="5.633"/>
  <system-out/>
  <testcase classname="seleniumautomation.CreateAccountFormTest" name="createAccountSuccessfully" time="12.341"/>
  <system-out/>
</testsuite> <!-- seleniumautomation.CreateAccountFormTest -->
