<?xml version="1.0" encoding="UTF-8"?>
<!-- Generated by org.testng.reporters.JUnitReportReporter -->
<testsuite hostname="Rafael-Predator" failures="0" tests="2" name="seleniumautomation.com.stepDefinitions.CreateAccountFormTest" time="10.701" errors="0" timestamp="2021-02-10T03:49:05 BRT" skipped="0">
  <testcase classname="seleniumautomation.com.stepDefinitions.CreateAccountFormTest" name="authenticationPage" time="3.058"/>
  <system-out/>
  <testcase classname="seleniumautomation.com.stepDefinitions.CreateAccountFormTest" name="createAccountSuccessfully" time="7.643"/>
  <system-out/>
</testsuite> <!-- seleniumautomation.com.stepDefinitions.CreateAccountFormTest -->
