<?xml version="1.0" encoding="UTF-8"?>
<!-- Generated by org.testng.reporters.JUnitReportReporter -->
<testsuite hostname="Rafael-Predator" failures="0" tests="4" name="tests.PutPatchDeleteExamples" time="3.412" errors="0" timestamp="2021-02-06T00:59:12 BRT" skipped="0">
  <testcase classname="tests.PutPatchDeleteExamples" name="testGet" time="0.635"/>
  <system-out/>
  <testcase classname="tests.PutPatchDeleteExamples" name="testPut" time="0.219"/>
  <system-out/>
  <testcase classname="tests.PutPatchDeleteExamples" name="testPatch" time="0.288"/>
  <system-out/>
  <testcase classname="tests.PutPatchDeleteExamples" name="testDelete" time="2.270"/>
  <system-out/>
</testsuite> <!-- tests.PutPatchDeleteExamples -->
