<?xml version="1.0" encoding="UTF-8"?>
<!-- Generated by org.testng.reporters.JUnitReportReporter -->
<testsuite hostname="Rafael-Predator" failures="0" tests="1" name="tests.GetAndPostExamples" time="4.307" errors="0" timestamp="2021-02-08T20:35:52 BRT" skipped="0">
  <testcase classname="tests.GetAndPostExamples" name="testGetTwo" time="4.307"/>
  <system-out/>
</testsuite> <!-- tests.GetAndPostExamples -->
