<?xml version="1.0" encoding="UTF-8"?>
<!-- Generated by org.testng.reporters.JUnitReportReporter -->
<testsuite hostname="Rafael-Predator" failures="0" tests="1" name="tests.JSONSchemaValidator" time="2.944" errors="0" timestamp="2021-02-06T01:40:17 BRT" skipped="0">
  <testcase classname="tests.JSONSchemaValidator" name="testGet" time="2.944"/>
  <system-out/>
</testsuite> <!-- tests.JSONSchemaValidator -->
