<?xml version="1.0" encoding="UTF-8"?>
<!-- Generated by org.testng.reporters.JUnitReportReporter -->
<testsuite skipped="0" hostname="Rafael-Predator" name="seleniumautomation.com.stepDefinitions.CreateAccountFormTest" tests="2" failures="0" timestamp="2021-02-10T03:44:25 BRT" time="8.926" errors="0">
  <testcase name="authenticationPage" time="3.008" classname="seleniumautomation.com.stepDefinitions.CreateAccountFormTest"/>
  <system-out/>
  <testcase name="createAccountSuccessfully" time="5.918" classname="seleniumautomation.com.stepDefinitions.CreateAccountFormTest"/>
  <system-out/>
</testsuite> <!-- seleniumautomation.com.stepDefinitions.CreateAccountFormTest -->
